[    0.00] itialinggrup subyspuet
  0.000]nialing cgro ssy cpu
  0.0000 Itilizinggrp ubsycpcc
[  0000] Luxerion 4.34ener (ild@lgw020(gc veio5..1 20141(Ubuntu 3.14buntu2.1) ) #53-Ubuntu SMP Wed Jul 27 16:06:39 UTC 2016 (Ubuntu 4.4.0-34.53-generic 4.4.15)
[    0.000000] Command line: BOOT_IMAGE=/boot/vmlinuz-4.4.0-34-generic root=LABEL=cloudimg-rootfs ro console=tty1 console=ttyS0
[    0.000000] KERNEL supported cpus:
[    0.000000]   Intel GenuineIntel
[    0.000000]   AMD AuthenticAMD
[    0.000000]   Centaur CentarHls
[    .000 x86puxste_ose2]  576, xstate_sizes[2]:  256
[    0.000000] x86/fpu: Supporting XSAVE feature 0x01: 'x87 floating point registers'
[    0.000000] x86/fpu: Supporting XSAVE feature 0x02: 'SSE registers'
[    0.000000] x86/fpu: Supporting XSAVE feature 0x04: 'AVX registers'
[    0.000000] x86/fpu: Enabled xstate features 0x7, context size is 832 bytes, using 'standard' format.
[    0.000000] x86/fpu: Using 'lazy' FPU context switches.
[    0.000000] e820: BIOS-provided physical RAM map:
[    0.000000] BIOS-e820: [mem 0x0000000000000000-0x000000000009fbff] usable
[    0.000000] BIOS-e820: [mem 0x000000000009fc00-0x000000000009ffff] reserved
[    0.000000] BIOS-e820: [mem 0x00000000000f0000-0x00000000000fffff] reserved
[    0.000000] BIOS-e820: [mem 0x0000000000100000-0x00000000dffeffff] usable
[    0.000000] BIOS-e820: [mem 0x00000000dfff0000-0x00000000dfffffff] ACPI data
[    0.000000] BIOS-e820: [mem 0x00000000fffc0000-0x00000000ffffffff] reserved
[    0.000000] BIOS-e820: [mem 0x0000000100000000-0x000000011fffffff] usable
[    0.000000] NX (Execute Disable) protection: active
[    0.000000] SMBIOS 2.5 present.
[    0.000000] Hypervisor detected: KVM
[    0.000000] e820: last_pfn = 0x120000 max_arch_pfn = 0x400000000
[    0.000000] x86/PAT: Configuration [0-7]: WB  WC  UC- UC  WB  WC  UC- WT  
[    0.000000] MTRR: Disabled
[    0.000000] CPU MTRRs all blank - virtualized system.
[    0.000000] e820: last_pfn = 0xdff m_arch_pfn = 0x400000000
[    0.000000] found SMP MP-table at [mem 0x0009fff0-0x0009ffff] mapped at [ffff88000009fff0]
[    0.000000] Scanning 1 areas for low memory corruption
[    0.000000] RAMDISK: [mem 0x371d6000-0x378e2fff]
[    0.000000] ACPI: Early table checksum verification disabled
[    0.000000] ACPI: RSDP 0x00000000000E0000 000024 (v02 VBOX  )
[    0.000000] ACPI: XSDT 0x00000000DFFF0030 00003C (v01 VBOX   VBOXXSDT 00000001 ASL  00000061)
[    0.000000] ACPI: FACP 0x00000000DFFF00F0 0000F4 (v04 VBOX   VBOXFACP 00000001 ASL  00000061)
[    0.000000] ACPI: DSDT 0x00000000DFFF0470 002118 (v01 VBOX   VBOXBIOS 00000002 INTL 20160108)
[    0.000000] ACPI: FACS 0x00000000DFFF0200 000040
[    0.000000] ACPI: FACS 0x00000000DFFF0200 000040
[    0.000000] ACPI: APIC 0x00000000DFFF0240 00005C (v02 VBOX   VBOXAPIC 00000001 ASL  00000061)
[    0.000000] ACPI: SSDT 0x00000000DFFF02A0 0001CC (v01 VBOX   VBOXCPUT 00000002 INTL 20160108)
[    0.000000] No NUMA configuration found
[    0.000000] Faking a node at [mem 0x0000000000000000-0x000000011fff]
[  00000] DEAT(0) alcad [memx1ff000-11fbff]  0.0000kvclock:si mrs 4641 nd 4640
[    0.000000] kvm-clock: cpu 0, msr 1:1fff3001, primary cpu clock
[    0.000000] kvm-clock: using sched offset of 2959343310 cycles
[    0.000000] clocksource: kvm-clock: mask: 0xffffffffffffffff max_cycles: 0x1cd42e4dffb, max_idle_ns: 881590591483 ns
[    0.000000] Zone ranges:
[    0.000000]   DMA      [mem 0x0000000000001000-0x0000000000ffffff]
[    0.000000]   DMA32    [mem 0x0000000001000000-0x00000000ffffffff]
[    0.000000]   Normal   [mem 0x0000000100000000-0x000000011fffffff]
[    0.000000]   evice   empty
[    0.000000] Movable zone start for each node
[    0.000000] Early memory node ranges
[    0.000000]   node   0: [mem 0x0000000000001000-0x000000000009efff]
[    0.000000]   node   0: [mem 0x0000000000100000-0x00000000dffeffff]
[    0.000000]   node   0: emx00000100000-0x00011ffff
   0.000 Iitmem tunoe 0 emx000000001000x00001fffff
  0.0000ACI:PMim IPort0x08
[    0000]OAPI0]ap_id 2,eron17, drs xfec00 GI 0-
  0.00000] AI:INT_C_VRbus buir 0glob_i 2dfl df
   0.00000 AI:INT_SROV(bs 0 usrq9 global_irq 9 high level)
[    0.000000] Using ACPI (MADT) for SMP configuration information
[    0.000000] smpboot: Allowing 2 CPUs, 0 hotplug CPUs
[    0.000000] PM: Registered nosave memory: mem 0x00000x000f]
[  0.00] PMRestred noveemry: emx0009f000-0x0009ffff]
[    0.000000] PM:Regier nave mo: mem 0x0a000x00ff]
[  .000000] PM: Registered nosave memory: [mem 0x000f0000-0x000fffff]
[    0.000000] PM: Registered nosave memory: [mem 0xdfff0000-0xdfffffff]
[    0.000000] PM: Registered nosave memory: me 0xe00000xffbffff]
[    0.000000] PM: Registered nosave memory: [mem 0xfffc0000-0xffffffff]
[    0.000000] e820: [mem 0xe0000000-0xfffbffff] available for PCI devices
[    0.000000] Booting paravirtualized kernel on KVM
[    0.000000] clocksource: refined-jiffies: mask: 0xffffffff max_cycles: 0xffffffff, max_idle_ns: 7645519600211568 ns
[    0.000000] setup_percpu: NR_CPUS:256 nr_cpumask_bits:256 nr_cpu_ids:2 nr_node_ids:1
[    0.000000] PERCPU: Embedded 33 pages/cpu @ffff88011fc00000 s98008 r8192 d28968 u1048576
[    0.000000] PV qspinlock hash table entries: 256 (order: 0, 4096 bytes)
[    0.000000] Built 1 zonelists in Node order, mobility grouping on.  Total pages: 1032057
[    0.000000] Policy zone: Normal
[    0.000000] Kernel command line: BOOT_IMAGE=/boot/vmlinuz-4.4.0-34-generic root=LABEL=cloudimg-rootfs ro console=tty1 console=ttyS0
[    0.000000] PID hash table entries: 4096 (order: 3, 32768 bytes)
[    0.000000] Memory: 4035932K/4193848K available (8394K kernel code, 1282K rwdata, 3944K rodata, 1480K init, 1292K bss, 157916K reserved, 0K cma-reserved)
[    0.000000] SLUB: HWalign=64, Order=0-3, MinObjects=0, CPUs=2, Nodes=1
[    0.000000] Hierarchical RCU implementation.
[    0.000000] 	Build-time adjustment of leaf fanout to 64.
[    0.000000] 	RCU restricting CPUs from NR_CPUS=256 to nr_cpu_ids=2.
[    0.000000] RCU: Adjusting geometry for rcu_fanout_leaf=64, nr_cpu_ids=2
[    0.000000] NR_IRQS:16640 nr_irqs:440 16
[    0.000000] Console: colour VGA+ 80x25
[    0.000000] console [tty1] enabled
[    0.000000] console [ttyS0] enabled
[    0.000000] tsc: Detected 3092.854 MHz processor
[    4.132656] Calibrating delay loop (skipped) preset value.. 6185.70 BogoMIPS (lpj=12371416)
[    4.133687] pid_max: default: 32768 minimum: 301
[    4.134261] ACPI: Core revision 20150930
[    4.135444] ACPI: 2 ACPI AML tables successfully acquired and loaded
[    4.136302] Security Framework initialized
[    4.136807] Yama: becoming mindful.
[    4.137273] AppArmor: AppArmor initialized
[    4.138260] Dentry cache hash table entries: 524288 (order: 10, 4194304 bytes)
[    4.140356] Inode-cache hash table entries: 262144 (order: 9, 2097152 bytes)
[    4.141324] Mount-cache hash table entries: 8192 (order: 4, 65536 bytes)
[    4.142053] Mountpoint-cache hash table entries: 8192 (order: 4, 65536 bytes)
[    4.142908] Initializing cgroup subsys io
[    4.143409] Initializing cgroup subsys memory
[    4.143985] Initializing cgroup subsys devices
[    4.144517] Initializing cgroup subsys freezer
[    4.145045] Initializing cgroup subsys net_cls
[    4.145574] Initializing cgroup subsys perf_event
[    4.146144] Initializing cgroup subsys net_prio
[    4.146681] Initializing cgroup subsys hugetlb
[    4.147245] Initializing cgroup subsys pids
[    4.147833] CPU: Physical Processor ID: 0
[    4.148365] CPU: Processor Core ID: 0
[    4.149535] mce: CPU supports 0 MCE banks
[    4.150046] Last level iTLB entries: 4KB 1024, 2MB 1024, 4MB 1024
[    4.150702] Last level dTLB entries: 4KB 1024, 2MB 1024, 4MB 1024, 1GB 4
[    4.152769] Freeing SMP alternatives memory: 28K (ffffffff820b4000 - ffffffff820bb000)
[    4.159451] ftrace: allocating 31994 entries in 125 pages
[    4.188936] smpboot: Max logical packages: 1
[    4.189457] smpboot: APIC(0) Converting physical 0 to logical package 0
[    4.191083] ..TIMER: vector=0x30 apic1=0 pin1=2 apic2=-1 pin2=-1
[    4.296316] smpboot: CPU0: Intel(R) Core(TM) i7-4770S CPU @ 3.10GHz (family: 0x6, model: 0x3c, stepping: 0x3)
[    4.301251] Performance Events: unsupported p6 CPU model 60 no PMU driver, software events only.
[    4.302384] KVM setup paravirtual spinlock
[    4.303714] x86: Booting SMP configuration:
[    4.304230] .... node  #0, CPUs:      #1
[    4.304875] kvm-clock: cpu 1, msr 1:1fff3041, secondary cpu clock
[    4.306126] mce: CPU supports 0 MCE banks
[    4.308424] x86: Booted up 1 node, 2 CPUs
[    4.309147] smpboot: Total of 2 processors activated (12371.41 BogoMIPS)
[    4.310252] devtmpfs: initialized
[    4.312712] evm: security.selinux
[    4.313156] evm: security.SMACK64
[    4.313595] evm: security.SMACK64EXEC
[    4.314061] evm: security.SMACK64TRANSMUTE
[    4.314559] evm: security.SMACK64MMAP
[    4.315025] evm: security.ima
[    4.315437] evm: security.capability
[    4.316107] clocksource: jiffies: mask: 0xffffffff max_cycles: 0xffffffff, max_idle_ns: 7645041785100000 ns
[    4.317387] pinctrl core: initialized pinctrl subsystem
[    4.318066] RTC time: 17:22:11, date: 08/21/16
[    4.318756] NET: Registered protocol family 16
[    4.327975] cpuidle: using governor ladder
[    4.339892] cpuidle: using governor menu
[    4.340507] PCCT header not found.
[    4.341102] ACPI: bus type PCI registered
[    4.341628] acpiphp: ACPI Hot Plug PCI Controller Driver version: 0.5
[    4.342376] PCI: Using configuration type 1 for base access
[    4.356694] ACPI: Added _OSI(Module Device)
[    4.360147] ACPI: Added _OSI(Processor Device)
[    4.360717] ACPI: Added _OSI(3.0 _SCP Extensions)
[    4.361309] ACPI: Added _OSI(Processor Aggregator Device)
[    4.362469] ACPI: Executed 1 blocks of module-level executable AML code
[    4.364763] ACPI: Interpreter enabled
[    4.365264] ACPI Exception: AE_NOT_FOUND, While evaluating Sleep State [\_S1_] (20150930/hwxface-580)
[    4.366450] ACPI Exception: AE_NOT_FOUND, While evaluating Sleep State [\_S2_] (20150930/hwxface-580)
[    4.367666] ACPI Exception: AE_NOT_FOUND, While evaluating Sleep State [\_S3_] (20150930/hwxface-580)
[    4.372516] ACPI Exception: AE_NOT_FOUND, While evaluating Sleep State [\_S4_] (20150930/hwxface-580)
[    4.373699] ACPI: (supports S0 S5)
[    4.374168] ACPI: Using IOAPIC for interrupt routing
[    4.374882] PCI: Using host bridge windows from ACPI; if necessary, use "pci=nocrs" and report a bug
[    4.378409] ACPI: PCI Root Bridge [PCI0] (domain 0000 [bus 00-ff])
[    4.379115] acpi PNP0A03:00: _OSC: OS supports [ASPM ClockPM Segments MSI]
[    4.379932] acpi PNP0A03:00: _OSC failed (AE_NOT_FOUND); disabling ASPM
[    4.380706] acpi PNP0A03:00: fail to add MMCONFIG information, can't access extended PCI configuration space under this bridge.
[    4.382154] PCI host bridge to bus 0000:00
[    4.382685] pci_bus 0000:00: root bus resource [io  0x0000-0x0cf7 window]
[    4.383455] pci_bus 0000:00: root bus resource [io  0x0d00-0xffff window]
[    4.384264] pci_bus 0000:00: root bus resource [mem 0x000a0000-0x000bffff window]
[    4.385222] pci_bus 0000:00: root bus resource [mem 0xe0000000-0xffdfffff window]
[    4.393951] pci_bus 0000:00: root bus resource [bus 00-ff]
[    4.395566] pci 0000:00:01.1: legacy IDE quirk: reg 0x10: [io  0x01f0-0x01f7]
[    4.396349] pci 0000:00:01.1: legacy IDE quirk: reg 0x14: [io  0x03f6]
[    4.397078] pci 0000:00:01.1: legacy IDE quirk: reg 0x18: [io  0x0170-0x0177]
[    4.400086] pci 0000:00:01.1: legacy IDE quirk: reg 0x1c: [io  0x0376]
[    4.470708] ACPI: PCI Interrupt Link [LNKA] (IRQs 5 9 10 11) *0, disabled.
[    4.506996] ACPI: PCI Interrupt Link [LNKB] (IRQs 5 9 10 *11)
[    4.508010] ACPI: PCI Interrupt Link [LNKC] (IRQs 5 9 *10 11)
[    4.509012] ACPI: PCI Interrupt Link [LNKD] (IRQs 5 *9 10 11)
[    4.510064] ACPI: Enabled 2 GPEs in block 00 to 07
[    4.510990] vgaarb: setting as boot device: PCI:0000:00:02.0
[    4.520024] vgaarb: device added: PCI:0000:00:02.0,decodes=io+mem,owns=io+mem,locks=none
[    4.758964] vgaarb: loaded
[    4.838265] vgaarb: bridge control possible 0000:00:02.0
[    4.996896] SCSI subsystem initialized
[    5.091587] ACPI: bus type USB registered
[    5.092172] usbcore: registered new interface driver usbfs
[    5.092825] usbcore: registered new interface driver hub
[    5.093487] usbcore: registered new device driver usb
[    5.094599] PCI: Using ACPI for IRQ routing
[    5.095382] NetLabel: Initializing
[    5.095926] NetLabel:  domain hash size = 128
[    5.096451] NetLabel:  protocols = UNLABELED CIPSOv4
[    5.097030] NetLabel:  unlabeled traffic allowed by default
[    5.097914] clocksource: Switched to clocksource kvm-clock
[    5.104268] AppArmor:ppmoFisyemnaed[  5134]npPnAC it  5.73] np: PnP ACPI: found 3 devices
[    ..098388  llccksource:aapp__mm  makk  0xffffffmmxx_cccee::00xffffff, max_idle_ns: 2085701024 ns
[    6.622086] NET: Registered protocol family 2
[    6.622806] TCP established hash table entries: 32768 (order: 6, 262144 bytes)
[    6.623844] TCP bind hash table entries: 32768 (order: 7, 524288 bytes)
[    6.624970] TCP: Hash tables configured (established 32768 bind 32768)
[    6.625726] UDP hash table entries: 2048 (order: 4, 65536 bytes)
[    6.626484] UDP-Lite hash table entries: 2048 (order: 4, 65536 bytes)
[    6.627249] NET: Registered protocol family 1
[    6.627862] pci 0000:00:00.0: Limiting direct PCI/PCI transfers
[    6.628535] pci 0000:00:01.0: Activating ISA DMA hang workarounds
[    6.629286] Trying to unpack rootfs image as initramfs...
[    7.487477] Freeing initrd memory: 7220K (ffff8800371d6000 - ffff8800378e3000)
[    7.666769] PCI-DMA: Using software bounce buffering for IO (SWIOTLB)
[    7.670561] software IO TLB [mem 0xdbff0000-0xdfff0000] (64MB) mapped at [ffff8800dbff0000-ffff8800dffeffff]
[   .671881] RAPL PMU detected, API unit is 2^-32 Joules, 4 fixed counters 10737418240 ms ovfl timer
[    7.712089] hw unit of domain pp0-core 2^-0 Joules
[    7.712648] hw unit of domain package 2^-0 Joules
[    7.713197] hw unit of domain dram 2^-0 Joules
[    7.713725] hw unit of domain pp1-gpu 2^-0 Joules

[    7.714348] platform rtc_cmos: registered platform RTC device (no PNP device found)
[    7.715300] Scanning for low memory corruption every 60 seconds
[    7.716349] futex hash table entries: 512 (order: 3, 32768 bytes)
[    7.719767] audit: initializing netlink subsys (disabled)
[    7.720477] audit: type=2000 audit(1471800134.051:1): initialized
[    7.721435] Initialise system trusted keyring
[    7.722229] HugeTLB registered 2 MB page size, pre-allocated 0 pages
[    7.724031] zbud: loaded
[    7.724679] VFS: Disk quotas dquot_6.6.0
[    7.725263] VFS: Dquot-cache hash table entries: 512 (order 0, 4096 bytes)
[    7.726267] squashfs: version 4.0 (2009/01/31) Phillip Lougher
[    7.727238] fuse init (API version 7.23)
[    7.727928] Key type big_key registered
[    7.731846] Allocating IMA MOK and blacklist keyrings.
[    7.733304] Key type asymmetric registered
[    7.733976] Asymmetric key parser 'x509' registered
[    7.734726] Block layer SCSI generic (bsg) driver version 0.4 loaded (major 249)
[    7.735849] io scheduler noop registered
[    7.736408] io scheduler deadline registered (default)
[    7.737102] io scheduler cfq registered
[    7.737707] pci_hotplug: PCI Hot Plug PCI Core version: 0.5
[    7.738440] pciehp: PCI Express Hot Plug Controller Driver version: 0.4
[    7.739336] ACPI: AC Adapter [AC] (on-line)
[    7.740000] input: Power Button as /devices/LNXSYSTM:00/LNXPWRBN:00/input/input0
[    7.441032] ACPI: Power Button [PWRF]
[    7.761805] input: Sleep Button as /devices/LNXSYSTM:00/LNXSLPBN:00/input/input1
[    7.762860] ACPI: Sleep Button [SLPF]
[    7.763559] GHES: HEST is not enabled!
[    7.764192] Serial: 8250/16550 driver, 32 ports, IRQ sharing enabled
[    7.785995] 00:02: ttyS0 at I/O 0x3f8 (irq = 4, base_baud = 115200) is a 16550A
[    7.792968] Linux agpgart interface v0.103
[    7.795864] brd: module loaded
[    7.800927] loop: module loaded
[    7.803678] scsi host0: ata_piix
[    7.808189] scsi host1: ata_piix
[    7.810057] ata1: PATA max UDMA/33 cmd 0x1f0 ctl 0x3f6 bmdma 0xd000 irq 14
[    7.812070] ata2: PATA max UDMA/33 cmd 0x170 ctl 0x376 bmdma 0xd008 irq 15
[    7.812964] libphy: Fixed MDIO Bus: probed
[    7.813742] tun: Universal TUN/TAP device driver, 1.6
[    7.814448] tun: (C) 1999-2004 Max Krasnyansky <maxk@qualcomm.com>
[    7.815268] PPP generic driver version 2.4.2
[    7.820386] ehci_hcd: USB 2.0 'Enhanced' Host Controller (EHCI) Driver
[    7.822904] ehci-pci: EHCI PCI platform driver
[    7.823524] ehci-platform: EHCI generic platform driver
[    7.824224] ohci_hcd: USB 1.1 'Open' Host Controller (OHCI) Driver
[    7.825006] ohci-pci: OHCI PCI platform driver
[    7.825609] ohci-platform: OHCI generic platform driver
[    7.826353] uhci_hcd: USB Universal Host Controller Interface driver
[    7.827167] i8042: PNP: PS/2 Controller [PNP0303:PS2K,PNP0f03:PS2M] at 0x60,0x64 irq 1,12
[    7.828680] serio: i8042 KBD port at 0x60,0x64 irq 1
[    7.829341] serio: i8042 AUX port at 0x60,0x64 irq 12
[    7.830066] mousedev: PS/2 mouse device common for all mice
[    7.831105] rtc_cmos rtc_cmos: rtc core: registered rtc_cmos as rtc0
[    7.836801] rtc_cmos rtc_cmos: alarms up to one day, 114 bytes nvram
[    7.837653] i2c /dev entries driver
[    7.838238] input: AT Translated Set 2 keyboard as /devices/platform/i8042/serio0/input/input2
[    7.839454] device-mapper: uevent: version 1.0.3
[    7.841976] device-mapper: ioctl: 4.34.0-ioctl (2015-10-28) initialised: dm-devel@redhat.com
[    7.849873] ledtrig-cpu: registered to indicate activity on CPUs
[    7.851095] NET: Registered protocol family 10
[    7.856685] NET: Registered protocol family 17
[    7.859544] Key type dns_resolver registered
[    7.860304] microcode: CPU0 sig=0x306c3, pf=0x40, revision=0x0
[    8.091606] microcode: CPU1 sig=0x306c3, pf=0x40, revision=0x0
[    8.092516] microcode: Microcode Update Driver: v2.01 <tigran@aivazian.fsnet.co.uk>, Peter Oruba
[    8.093982] registered taskstats version 1
[    8.101972] Loading compiled-in X.509 certificates
[    8.103108] Loaded X.509 cert 'Build time autogenerated kernel key: c40ffa48d8617ce4553ee3ab59017c95e74f2501'
[    8.104387] zswap: loaded using pool lzo/zbud
[    8.106470] Key type trusted registered
[    8.114118] Key type encrypted registered
[    8.121361] AppArmor: AppArmor sha1 policy hashing enabled
[    8.122069] ima: No TPM chip found, activating TPM-bypass!
[    8.122847] evm: HMAC attrs: 0x1
[    8.123630]   Magic number: 12:217:391
[    8.128146] rtc_cmos rtc_cmos: setting system clock to 2016-08-21 17:22:15 UTC (1471800135)
[    8.129452] BIOS EDD facility v0.16 2004-Jun-25, 0 devices found
[    8.131988] EDD information not available.
[    8.133541] Freeing unused kernel memory: 1480K (ffffffff81f42000 - ffffffff820b4000)
[    8.142368] Write protecting the kernel read-only data: 14336k
[    8.143630] Freeing unused kernel memory: 1832K (ffff880001836000 - ffff880001a00000)
[    8.145013] Freeing unused kernel memory: 152K (ffff880001dda000 - ffff880001e00000)
Loading, please wait...
starting version[    8.155662] random: systemd-udevd urandom read with 2 bits of entropy available
 229
[    8.173866] e1000: Intel(R) PRO/1000 Network Driver - version 7.3.21-k8-NAPI
[    8.561609] e1000: Copyright (c) 1999-2006 Intel Corporation.
[    8.703164] Fusion MPT base driver 3.04.20
[    8.707127] Copyright (c) 1999-2008 LSI Corporation
[    8.710946] Fusion MPT SPI Host driver 3.04.20
[    8.713943] tsc: Refined TSC clocksource calibration: 3093.458 MHz
[    8.713944] clocksource: tsc: mask: 0xffffffffffffffff max_cycles: 0x2c9723f693b, max_idle_ns: 440795284397 ns
[    8.785941] AVX version of gcm_enc/dec engaged.
[    8.791983] AES CTR mode by8 optimization enabled
[    8.930592] input: ImExPS/2 Generic Explorer Mouse as /devices/platform/i8042/serio1/input/input4
[    9.064204] e1000 0000:00:03.0 eth0: (PCI:33MHz:32-bit) 02:03:51:fc:44:0e
[    9.269316] e1000 0000:00:03.0 eth0: Intel(R) PRO/1000 Network Connection
[    9.801511] e1000 0000:00:08.0 eth1: (PCI:33MHz:32-bit) 08:00:27:aa:05:af
[   10.001269] e1000 0000:00:08.0 eth1: Intel(R) PRO/1000 Network Connection
[   10.160623] e1000 0000:00:03.0 enp0s3: renamed from eth0
[   10.162079] mptbase: ioc0: Initiating bringup
[   10.390329] e1000 0000:00:08.0 enp0s8: renamed from eth1
[   10.450084] ioc0: LSI53C1030 A0: Capabilities={Initiator}
[   10.615396] scsi host2: ioc0: LSI53C1030 A0, FwRev=00000000h, Ports=1, MaxQ=256, IRQ=20
[   10.734169] scsi 2:0:0:0: Direct-Access     VBOX     HARDDISK         1.0  PQ: 0 ANSI: 5
[   10.741884] scsi target2:0:0: Beginning Domain Validation
[   10.753316] scsi target2:0:0: Domain Validation skipping write tests
[   10.761985] scsi target2:0:0: Ending Domain Validation
[   10.762755] scsi target2:0:0: asynchronous
[   10.764056] scsi 2:0:1:0: Direct-Access     VBOX     HARDDISK         1.0  PQ: 0 ANSI: 5
[   10.775647] scsi target2:0:1: Beginning Domain Validation
[   10.779980] scsi target2:0:1: Domain Validation skipping write tests
[   10.781902] scsi target2:0:1: Ending Domain Validation
[   10.782693] scsi target2:0:1: asynchronous
[   10.788779] sd 2:0:0:0: [sda] 20971520 512-byte logical blocks: (10.7 GB/10.0 GiB)
[   10.788812] sd 2:0:0:0: Attached scsi generic sg0 type 0
[   10.789181] sd 2:0:1:0: Attached scsi generic sg1 type 0
[   10.823449] sd 2:0:1:0: [sdb] 20480 512-byte logical blocks: (10.5 MB/10.0 MiB)
[   10.823490] sd 2:0:0:0: [sda] Write Protect is off
[   10.823543] sd 2:0:0:0: [sda] Incomplete mode parameter data
[   10.823544] sd 2:0:0:0: [sda] Assuming drive cache: write through
[   10.827084] sd 2:0:1:0: [sdb] Write Protect is off
[   10.832267] sd 2:0:1:0: [sdb] Incomplete mode parameter data
[   10.833544]  sda: sda1
[   10.852185] sd 2:0:1:0: [sdb] Assuming drive cache: write through
[   10.853286] sd 2:0:0:0: [sda] Attached SCSI disk
[   10.876868] sd 2:0:1:0: [sdb] Attached SCSI disk
[   11.774189] floppy0: no floppy controllers found
Begin: Loading e[   13.170955] md: linear personality registered for level -1
ssential drivers[   13.343540] md: multipath personality registered for level -4
 ... [   13.529676] md: raid0 personality registered for level 0
[   14.014166] md: raid1 personality registered for level 1
[   14.089938] raid6: sse2x1   gen() 11568 MB/s
[   14.161928] raid6: sse2x1   xor()  9254 MB/s
[   14.233924] raid6: sse2x2   gen() 15394 MB/s
[   14.305923] raid6: sse2x2   xor() 10185 MB/s
[   14.377926] raid6: sse2x4   gen() 17864 MB/s
[   14.445923] raid6: sse2x4   xor() 12342 MB/s
[   14.450499] raid6: using algorithm sse2x4 gen() 17864 MB/s
[   14.451207] raid6: .... xor() 12342 MB/s, rmw enabled
[   14.451861] raid6: using ssse3x2 recovery algorithm
[   14.453507] xor: automatically using best checksumming function:
[   14.493923]    avx       : 30473.000 MB/sec
[   14.499565] async_tx: api initialized (async)
[   14.507703] md: raid6 personality registered for level 6
[   14.941327] md: raid5 personality registered for level 5
[   15.061543] md: raid4 personality registered for level 4
[   15.076107] md: raid10 personality registered for level 10
done.
Begin: Running /scripts/init-premount ... done.
Begin: Mounting root file system ... Begin: Ru[   15.107151] Btrfs loaded
nning /scripts/local-top ... done.
Begin: Running /scripts/local-premount ... Scanning for Btrfs filesystems
done.
Warning: fsck not present, so skipping root file system
[   15.245568] EXT4-fs (sda1): mounted filesystem with ordered data mode. Opts: (null)
done.
Begin: Running /scripts/local-bottom ... done.
Begin: Running /scripts/init-bottom ... Warning: overlayroot: debug is busted
done.
[   16.125698] systemd[1]: systemd 229 running in system mode. (+PAM +AUDIT +SELINUX +IMA +APPARMOR +SMACK +SYSVINIT +UTMP +LIBCRYPTSETUP +GCRYPT +GNUTLS +ACL +XZ -LZ4 +SECCOMP +BLKID +ELFUTILS +KMOD -IDN)
[   16.140278] systemd[1]: Detected virtualization oracle.
[   16.140951] systemd[1]: Detected architecture x86-64.

Welcome to [1mUbuntu 16.04.1 LTS[0m!

[   16.168283] systemd[1]: Set hostname to <ubuntu-xenial>.
[   16.646936] systemd[1]: Listening on udev Control Socket.
[[0;32m  OK  [0m] Listening on udev Control Socket.
[ 16.842208] systemd[1]: Listening on Syslog Socket.
[[0;32m  OK  [0m] Listening on Syslog Socket.
[  11852syem1]Lieng  Jrnl Socket (/dev/log).
[   17.682442] random: nonblocking pool is initialized
[[0;32m  OK  [0m] Listening on Journal Socket (/dev/log).
[   17.842252] systemd[1]: Listening on Device-mapper event daemon FIFOs.
[[0;32m  OK  [0m] Listening on Device-mapper event daemon FIFOs.
[   17.844064] systemd[1]: Set up automount Arbitrary Executable File Formats File System Automount Point.
[[0;32m  OK  [0m] Set up automount Arbitrary Executab...ats File System Automount Point.
[   17.846069] systemd[1]: Listening on Journal Socket.
[[0;32m  OK  [0m] Listening on Journal Socket.
[   17.847316] systemd[1]: Reached target User and Group Name Lookups.
[[0;32m  OK  [0m] Reached target User and Group Name Lookups.
[   17.848753] systemd[1]: Listening on LVM2 metadata daemon socket.
[[0;32m  OK  [0m] Listening on LVM2 metadata daemon socket.
[   17.850207] systemd[1]: Listening on LVM2 poll daemon socket.
[[0;32m  OK  [0m] Listening on LVM2 poll daemon socket.
[   17.851641] systemd[1]: Listening on udev Kernel Socket.
[[0;32m  OK  [0m] Listening on udev Kernel Socket.
[   17.852920] systemd[1]: Reached target Encrypted Volumes.
[[0;32m  OK  [0m] Reached target Encrypted Volumes.
[   17.854280] systemd[1]: Reached target Swap.
[[0;32m  OK  [0m] Reached target Swap.
[   17.855451] systemd[1]: Started Forward Password Requests to Wall Directory Watch.
[[0;32m  OK  [0m] Started Forward Password Requests to Wall Directory Watch.
[   17.857368] systemd[1]: Created slice User and Session Slice.
[[0;32m  OK  [0m] Created slice User and Session Slice.
[   17.858897] systemd[1]: Created slice System Slice.
[[0;32m  OK  [0m] Created slice System Slice.
[   17.860278] systemd[1]: Created slice system-serial\x2dgetty.slice.
[[0;32m  OK  [0m] Created slice system-serial\x2dgetty.slice.
[   17.882155] systemd[1]: Starting Uncomplicated firewall...
         Starting Uncomplicated firewall...
[   18.098153] systemd[1]: Starting Set console keymap...
         Starting Set console keymap...
[   18.266044] systemd[1]: Mounting POSIX Message Queue File System...
         Mounting POSIX Message Queue File System...
[   18.518144] systemd[1]: Mounting Debug File System...
         Mounting Debug File System...
[   18.706185] systemd[1]: Reached target Slices.
[[0;32m  OK  [0m] Reached target Slices.
[   19.006208] systemd[1]: Starting Monitoring of LVM2 mirrors, snapshots etc. using dmeventd or progress polling...
         Starting Monitoring of LVM2 mirrors... dmeventd or progress polling...
[   19.117133] systemd[1]: Starting Remount Root and Kernel File Systems...
         [   19.297702] EXT4-fs (sda1): re-mounted. Opts: (null)
Starting Remount Root and Kernel File Systems...
[   19.311929] systemd[1]: Starting Create list of required static device nodes for the current kernel...
         Starting Create list of required st... nodes for the current kernel...
[   19.355033] systemd[1]: Starting Nameserver information manager...
         Starting Nameserver information manager...
[   19.357890] systemd[1]: Mounting Huge Pages File System...
         Mounting Huge Pages File System...
[   19.366153] systemd[1]: Starting Load Kernel Modules...
         Starting Load Kernel Modules...[   19.543703] Loading iSCSI transport class v2.0-870.

[   19.930837] systemd[1]: Listening on /dev/initctl Compatibility Named Pipe.
[[0;32m  OK  [0m] Listening on /dev/initctl Compatibility Named Pipe.
[   19.932501] systemd[1]: Listening on Journal Audit Socket.
[[0;32m  OK  [0m] Listening on Journal Audit Socket.
[   19.94363]] iscsi: rggistered trnnsport (tcp)
[   19.947704] systemd[1]: Starting Journal Service...
         Starting Journal Service...
[   20.118342] systemd[1]: Mounted POSIX Message Queue File System.
[[0;32m  OK  [0m] Mounted POSIX Message Queue File System.
[   20.121801] systemd[1]: Mounted Debug File System.
[[0;32m  OK  [0m] Mounted Debug File System.
[   20.123475] systemd[1]: Mounted Huge Pages File System.
[[0;32m  OK  [0m] Mounted Huge Pages File System.
[   20.125157] systemd[1]: Started Uncomplicated firewall.
[[0;32m  OK  [0m] Started Uncomplicated firewall.
[   20.126997] systemd[1]: Started Set console keymap.
[[0;32m  OK  [0m] Started Set console keymap.
[   20.128637] systemd[1]: Started Remount Root and Kernel File Systems.
[[0;32m  OK  [0m] Started Remount Root and Kernel File Systems.
[   20.130491] systemd[1]: Started Create list of required static device nodes for the current kernel.
[[0;32m  OK  [0m] Started Create list of required sta...ce nodes for the current kernel.
[   20.158089] systemd[1]: Started Nameserver information manager.
[[0;32m  OK  [0m] Started Nameserver information manager.
[   20.370924] iscsi: registered transport (iser)
[   20.382123] systemd[1]: Started LVM2 metadata daemon.
[[0;32m  OK  [0m] Started LVM2 metadata daemon.
[   20.387080] systemd[1]: Starting Create Static Device Nodes in /dev...
         Starting Create Static Device Nodes in /dev...
[   20.430037] systemd[1]: Starting udev Coldplug all Devices...
         Starting udev Coldplug all Devices...
[   20.435462] systemd[1]: Starting Load/Save Random Seed...
         Starting Load/Save Random Seed...
[   20.439866] systemd[1]: Started Journal Service.
[[0;32m  OK  [0m] Started Journal Service.
[[0;32m  OK  [0m] Started Load Kernel Modules.
         Mounting FUSE Control File System...
         Starting Apply Kernel Variables...
         Starting Flush Journal to Persistent Storage...
[[0;32m  OK  [0m] Mounted FUSE Control File System.
[[0;32m  OK  [0m] Started Create Static Device Nodes in /dev.
[[0;32m  OK  [0m] Started Load/Save Random Seed.
[[0;32m  OK  [0m] Started Apply Kernel Variables.
[[0;32m  OK  [0m] Started udev Coldplug all Devices.
         Starting udev Kernel Device Manager...
[[0;32m  OK  [0m] Started Monitoring of LVM2 mirrors,...ng dmeventd or progress polling.
[[0;32m  OK  [0m] Started Flush Journal to Persistent Storage.
[[0;32m  OK  [0m] Started udev Kernel Device Manager.
[[0;32m  OK  [0m] Started Dispatch Password Requests to Console Directory Watch.
[[0;32m  OK  [0m] Reached target Local File Systems (Pre).
[[0;32m  OK  [0m] Reached target Local File Systems.
         Starting Create Volatile Files and Directories...
         Starting Set console font and keymap...
         Starting Tell Plymouth To Write Out Runtime Data...
         Starting LSB: AppArmor initialization...
         Starting Initial cloud-init job (pre-networking)...
[[0;32m  OK  [0m] Started Create Volatile Files and Directories.
[[0;32m  OK  [0m] Started Tell Plymouth To Write Out Runtime Data.
[[0;32m  OK  [0m] Found device /dev/ttyS0.
[[0;32m  OK  [0m] Started Set console font and keymap.
[[0;32m  OK  [0m] Created slice system-getty.slice.
[[0;32m  OK  [0m] Listening on Load/Save RF Kill Switch Status /dev/rfkill Watch.
         Starting Update UTMP about System Boot/Shutdown...
         Starting Network Time Synchronization...
[[0;32m  OK  [0m] Started Update UTMP about System Boot/Shutdown.
[[0;32m  OK  [0m] Started Network Time Synchronization.
[[0;32m  OK  [0m] Reached target System Time Synchronized.
[[0;32m  OK  [0m] Started LSB: AppArmor initialization.
[[0;32m  OK  [0m] Reached target System Initialization.
[[0;32m  OK  [0m] Listening on D-Bus System Message Bus Socket.
[[0;32m  OK  [0m] Started Daily apt activities.
[[0;32m  OK  [0m] Started Trigger resolvconf update for networkd DNS.
[[0;32m  OK  [0m] Listening on UUID daemon activation socket.
         Starting Socket activation for snappy daemon.
[[0;32m  OK  [0m] Started ACPI Events Check.
[[0;32m  OK  [0m] Reached target Paths.
[[0;32m  OK  [0m] Started Daily Cleanup of Temporary Directories.
[[0;32m  OK  [0m] Started Timer to automatically refresh installed snaps.
[[0;32m  OK  [0m] Reached target Timers.
         Starting LXD - unix socket.
[[0;32m  OK  [0m] Listening on ACPID Listen Socket.
[[0;32m  OK  [0m] Listening on Socket activation for snappy daemon.
[[0;32m  OK  [0m] Listening on LXD - unix socket.
[[0;32m  OK  [0m] Reached target Sockets.
[[0;32m  OK  [0m] Reached target Basic System.
         Starting LSB: Record successful boot for GRUB...
         Starting System Logging Service...
[[0;32m  OK  [0m] Started ACPI event daemon.
         Starting Accounts Service...
[[0;32m  OK  [0m] Started Deferred execution scheduler.
         Starting Login Service...
[[0;32m  OK  [0m] Started Regular background program processing daemon.
[[0;32m  OK  [0m] Started FUSE filesystem for LXC.
[[0;32m  OK  [0m] Started D-Bus System Message Bus.
         Starting LXD - container startup/shutdown...
         Starting LSB: MD monitoring daemon...
[[0;32m  OK  [0m] Started Snappy daemon.
[[0;32m  OK  [0m] Started System Logging Service.
[[0;32m  OK  [0m] Started Login Service.
[[0;32m  OK  [0m] Started LSB: MD monitoring daemon.
         Starting Authenticate and Authorize Users to Run Privileged Tasks...
[[0;32m  OK  [0m] Started LSB: Record successful boot for GRUB.
[[0;32m  OK  [0m] Started Authenticate and Authorize Users to Run Privileged Tasks.
[[0;32m  OK  [0m] Started Accounts Service.
[[0;32m  OK  [0m] Started LXD - container startup/shutdown.
[   20.504421] cloud-init[1818]: Cloud-init v. 0.7.7 running 'init-local' at Sun, 21 Aug 2016 17:22:32 +0000. Up 20.10 seconds.
[[0;32m  OK  [0m] Started Initial cloud-init job (pre-networking).
[[0;32m  OK  [0m] Reached target Network (Pre).
         Starting Raise network interfaces...
[[0;32m  OK  [0m] Started ifup for enp0s3.
[[0;32m  OK  [0m] Started ifup for enp0s8.
[[0;32m  OK  [0m] Started Raise network interfaces.
         Starting Initial cloud-init job (metadata service crawler)...
[[0;32m  OK  [0m] Reached target Network.
[   21.845680] cloud-init[2259]: Cloud-init v. 0.7.7 running 'init' at Sun, 21 Aug 2016 17:22:33 +0000. Up 21.49 seconds.
[   21.884162] cloud-init[2259]: ci-info: +++++++++++++++++++++++++++++++++++++Net device info++++++++++++++++++++++++++++++++++++++
[   21.884276] cloud-init[2259]: ci-info: +--------+------+----------------------------+---------------+-------+-------------------+
[   21.884345] cloud-init[2259]: ci-info: | Device |  Up  |          Address           |      Mask     | Scope |     Hw-Address    |
[   21.884418] cloud-init[2259]: ci-info: +--------+------+----------------------------+---------------+-------+-------------------+
[   21.884493] cloud-init[2259]: ci-info: | enp0s3 | True |         10.0.2.15          | 255.255.255.0 |   .   | 02:03:51:fc:44:0e |
[   21.884568] cloud-init[2259]: ci-info: | enp0s3 | True | fe80::3:51ff:fefc:440e/64  |       .       |  link | 02:03:51:fc:44:0e |
[   21.884645] cloud-init[2259]: ci-info: | enp0s8 | True |       192.168.0.118        | 255.255.255.0 |   .   | 08:00:27:aa:05:af |
[   21.884725] cloud-init[2259]: ci-info: | enp0s8 | True | fe80::a00:27ff:feaa:5af/64 |       .       |  link | 08:00:27:aa:05:af |
[   21.884797] cloud-init[2259]: ci-info: |   lo   | True |         127.0.0.1          |   255.0.0.0   |   .   |         .         |
[   21.884885] cloud-init[2259]: ci-info: |   lo   | True |          ::1/128           |       .       |  host |         .         |
[   21.884952] cloud-init[2259]: ci-info: +--------+------+----------------------------+---------------+-------+-------------------+
[   21.885052] cloud-init[2259]: ci-info: +++++++++++++++++++++++++++Route IPv4 info++++++++++++++++++++++++++++
[[0;32m  OK  [0m] Started Initial cloud-init job (metadata service crawler).
[   21.885133] cloud-init[2259]: ci-info: +-------+-------------+----------+---------------+-----------+-------+
[   21.965297] cloud-init[2259]: ci-info: | Route | Destination | Gateway  |    Genmask    | Interface | Flags |
[   21.965502] cloud-init[2259]: ci-info: +-------+-------------+----------+---------------+-----------+-------+
[[0;32m  OK  [0m] Reached target Cloud-config availability.
[[   21.965601] cloud-init[2259]: ci-info: |   0   |   0.0.0.0   | 10.0.2.2 |    0.0.0.0    |   enp0s3  |   UG  |
[   21.971251] cloud-init[2259]: ci-info: |   1   |   10.0.2.0  | 0.0.0.0  | 255.255.255.0 |   enp0s3  |   U   |
[   21.971331] cloud-init[2259]: ci-info: |   2   | 192.168.0.0 | 0.0.0.0  | 255.255.255.0 |   enp0s8  |   U   |
[   21.971432] cloud-init[2259]: ci-info: +-------+-------------+----------+---------------+-----------+-------+
[0;32m  OK  [0m] Reached target Network is Online.
         Starting /etc/rc.local Compatibility...
         Starting Apply the settings specified in cloud-config...
         Starting iSCSI initiator daemon (iscsid)...
         Starting OpenBSD Secure Shell server...
[[0;32m  OK  [0m] Started /etc/rc.local Compatibility.
[[0;32m  OK  [0m] Started iSCSI initiator daemon (iscsid).
         Starting Login to default iSCSI targets...
[[0;32m  OK  [0m] Started Login to default iSCSI targets.
[[0;32m  OK  [0m] Reached target Remote File Systems (Pre).
[[0;32m  OK  [0m] Reached target Remote File Systems.
         Starting LSB: automatic crash report generation...
         Starting LSB: Set the CPU Frequency Scaling governor to "ondemand"...
         Starting Permit User Sessions...
         Starting LSB: daemon to balance interrupts for SMP systems...
[[0;32m  OK  [0m] Started LSB: Set the CPU Frequency Scaling governor to "ondemand".
[[0;32m  OK  [0m] Started Permit User Sessions.
         Starting Terminate Plymouth Boot Screen...
         Starting Hold until boot process finishes up...
[[0;32m  OK  [0m] Started Hold until boot process finishes up.
[[0;32m  OK  [0m] Started Serial Getty on ttyS0.
         Starting Set console scheme...
[[0;32m  OK  [0m] Started Getty on tty1.
[[0;32m  OK  [0m] Reached target Login Prompts.
[[0;32m  OK  [0m] Started LSB: daemon to balance interrupts for SMP systems.
[[0;32m  OK  [0m] Started Terminate Plymouth Boot Screen.
[[0;32m  OK  [0m] Started OpenBSD Secure Shell server.
[[0;32m  OK  [0m] Started Set console scheme.
[[0;32m  OK  [0m] Started LSB: automatic crash report generation.
[   22.350189] cloud-init[2302]: Cloud-init v. 0.7.7 running 'modules:config' at Sun, 21 Aug 2016 17:22:34 +0000. Up 22.22 seconds.
[[0;32m  OK  [0m] Started Apply the settings specified in cloud-config.
         Starting Execute cloud user/final scripts...
[   22.670510] cloud-init[2387]: Cloud-init v. 0.7.7 running 'modules:final' at Sun, 21 Aug 2016 17:22:34 +0000. Up 22.60 seconds.
[   22.677168] cloud-init[2387]: Cloud-init v. 0.7.7 finished at Sun, 21 Aug 2016 17:22:34 +0000. Datasource DataSourceNoCloud [seed=/dev/sdb][dsmode=net].  Up 22.66 seconds
[[0;32m  OK  [0m] Started Execute cloud user/final scripts.
[[0;32m  OK  [0m] Reached target Cloud-init target.
[[0;32m  OK  [0m] Reached target Multi-User System.
[[0;32m  OK  [0m] Reached target Graphical Interface.
         Starting Update UTMP about System Runlevel Changes...
[[0;32m  OK  [0m] Started Update UTMP about System Runlevel Changes.

Ubuntu 16.04.1 LTS ubuntu-xenial ttyS0

ubuntu-xenial login: 